2024-10-22 23:42:02 INFO  demo.Application - Starting Application using Java 22.0.1 on Maciek with PID 20244 (D:\Projects\MTP-Project\Backend\target\classes started by macie in D:\Projects\MTP-Project\Backend)
2024-10-22 23:42:02 INFO  demo.Application - No active profile set, falling back to 1 default profile: "default"
2024-10-22 23:42:03 INFO  o.s.d.r.c.RepositoryConfigurationDelegate - Bootstrapping Spring Data JPA repositories in DEFAULT mode.
2024-10-22 23:42:03 INFO  o.s.d.r.c.RepositoryConfigurationDelegate - Finished Spring Data repository scanning in 86 ms. Found 3 JPA repository interfaces.
2024-10-22 23:42:04 INFO  o.s.b.w.e.tomcat.TomcatWebServer - Tomcat initialized with port(s): 8081 (http)
2024-10-22 23:42:04 INFO  o.s.b.w.s.c.ServletWebServerApplicationContext - Root WebApplicationContext: initialization completed in 1941 ms
2024-10-22 23:42:04 INFO  o.h.jpa.internal.util.LogHelper - HHH000204: Processing PersistenceUnitInfo [name: default]
2024-10-22 23:42:04 INFO  org.hibernate.Version - HHH000412: Hibernate ORM core version 5.4.33
2024-10-22 23:42:04 INFO  o.h.annotations.common.Version - HCANN000001: Hibernate Commons Annotations {5.1.2.Final}
2024-10-22 23:42:05 INFO  com.zaxxer.hikari.HikariDataSource - HikariPool-1 - Starting...
2024-10-22 23:42:05 INFO  com.zaxxer.hikari.HikariDataSource - HikariPool-1 - Start completed.
2024-10-22 23:42:05 INFO  org.hibernate.dialect.Dialect - HHH000400: Using dialect: org.hibernate.dialect.PostgreSQLDialect
2024-10-22 23:42:06 INFO  o.h.e.t.j.p.i.JtaPlatformInitiator - HHH000490: Using JtaPlatform implementation: [org.hibernate.engine.transaction.jta.platform.internal.NoJtaPlatform]
2024-10-22 23:42:06 INFO  o.s.o.j.LocalContainerEntityManagerFactoryBean - Initialized JPA EntityManagerFactory for persistence unit 'default'
2024-10-22 23:42:06 WARN  o.s.b.a.o.j.JpaBaseConfiguration$JpaWebConfiguration - spring.jpa.open-in-view is enabled by default. Therefore, database queries may be performed during view rendering. Explicitly configure spring.jpa.open-in-view to disable this warning
2024-10-22 23:42:07 INFO  o.s.b.a.w.s.WelcomePageHandlerMapping - Adding welcome page: class path resource [static/index.html]
2024-10-22 23:42:07 INFO  o.s.b.w.e.tomcat.TomcatWebServer - Tomcat started on port(s): 8081 (http) with context path ''
2024-10-22 23:42:07 INFO  demo.Application - Started Application in 5.559 seconds (JVM running for 6.134)
2024-10-22 23:42:07 INFO  demo.Application - Zakończono działanie aplikacji.
2024-10-22 23:42:07 INFO  demo.Application - Rozpoczęto działanie aplikacji.
2024-10-22 23:42:07 INFO  o.s.o.j.LocalContainerEntityManagerFactoryBean - Closing JPA EntityManagerFactory for persistence unit 'default'
2024-10-22 23:42:07 INFO  com.zaxxer.hikari.HikariDataSource - HikariPool-1 - Shutdown initiated...
2024-10-22 23:42:07 INFO  com.zaxxer.hikari.HikariDataSource - HikariPool-1 - Shutdown completed.
2024-10-22 23:42:09 INFO  demo.Application - Starting Application using Java 22.0.1 on Maciek with PID 27132 (D:\Projects\MTP-Project\Backend\target\classes started by macie in D:\Projects\MTP-Project\Backend)
2024-10-22 23:42:09 INFO  demo.Application - No active profile set, falling back to 1 default profile: "default"
2024-10-22 23:42:10 INFO  o.s.d.r.c.RepositoryConfigurationDelegate - Bootstrapping Spring Data JPA repositories in DEFAULT mode.
2024-10-22 23:42:10 INFO  o.s.d.r.c.RepositoryConfigurationDelegate - Finished Spring Data repository scanning in 89 ms. Found 3 JPA repository interfaces.
2024-10-22 23:42:11 INFO  o.s.b.w.e.tomcat.TomcatWebServer - Tomcat initialized with port(s): 8081 (http)
2024-10-22 23:42:11 INFO  o.a.coyote.http11.Http11NioProtocol - Initializing ProtocolHandler ["http-nio-8081"]
2024-10-22 23:42:11 INFO  o.a.catalina.core.StandardService - Starting service [Tomcat]
2024-10-22 23:42:11 INFO  o.a.catalina.core.StandardEngine - Starting Servlet engine: [Apache Tomcat/9.0.60]
2024-10-22 23:42:12 INFO  o.a.c.c.C.[Tomcat].[localhost].[/] - Initializing Spring embedded WebApplicationContext
2024-10-22 23:42:12 INFO  o.s.b.w.s.c.ServletWebServerApplicationContext - Root WebApplicationContext: initialization completed in 2011 ms
2024-10-22 23:42:12 INFO  o.h.jpa.internal.util.LogHelper - HHH000204: Processing PersistenceUnitInfo [name: default]
2024-10-22 23:42:12 INFO  org.hibernate.Version - HHH000412: Hibernate ORM core version 5.4.33
2024-10-22 23:42:12 INFO  o.h.annotations.common.Version - HCANN000001: Hibernate Commons Annotations {5.1.2.Final}
2024-10-22 23:42:12 INFO  com.zaxxer.hikari.HikariDataSource - HikariPool-1 - Starting...
2024-10-22 23:42:13 INFO  com.zaxxer.hikari.HikariDataSource - HikariPool-1 - Start completed.
2024-10-22 23:42:13 INFO  org.hibernate.dialect.Dialect - HHH000400: Using dialect: org.hibernate.dialect.PostgreSQLDialect
2024-10-22 23:42:14 INFO  o.h.e.t.j.p.i.JtaPlatformInitiator - HHH000490: Using JtaPlatform implementation: [org.hibernate.engine.transaction.jta.platform.internal.NoJtaPlatform]
2024-10-22 23:42:14 INFO  o.s.o.j.LocalContainerEntityManagerFactoryBean - Initialized JPA EntityManagerFactory for persistence unit 'default'
2024-10-22 23:42:15 WARN  o.s.b.a.o.j.JpaBaseConfiguration$JpaWebConfiguration - spring.jpa.open-in-view is enabled by default. Therefore, database queries may be performed during view rendering. Explicitly configure spring.jpa.open-in-view to disable this warning
2024-10-22 23:42:15 INFO  o.s.b.a.w.s.WelcomePageHandlerMapping - Adding welcome page: class path resource [static/index.html]
2024-10-22 23:42:15 INFO  o.a.coyote.http11.Http11NioProtocol - Starting ProtocolHandler ["http-nio-8081"]
2024-10-22 23:42:15 INFO  o.s.b.w.e.tomcat.TomcatWebServer - Tomcat started on port(s): 8081 (http) with context path ''
2024-10-22 23:42:15 INFO  demo.Application - Started Application in 6.444 seconds (JVM running for 7.213)
2024-10-22 23:42:15 INFO  demo.Application - Rozpoczęto działanie aplikacji.
2024-10-23 00:03:31 INFO  demo.Application - Zakończono działanie aplikacji.
2024-10-23 00:03:31 INFO  o.s.o.j.LocalContainerEntityManagerFactoryBean - Closing JPA EntityManagerFactory for persistence unit 'default'
2024-10-23 00:03:31 INFO  com.zaxxer.hikari.HikariDataSource - HikariPool-1 - Shutdown initiated...
2024-10-23 00:03:31 INFO  com.zaxxer.hikari.HikariDataSource - HikariPool-1 - Shutdown completed.
2024-10-23 00:03:38 INFO  demo.Application - Starting Application using Java 22.0.1 on Maciek with PID 28788 (D:\Projects\MTP-Project\Backend\target\classes started by macie in D:\Projects\MTP-Project\Backend)
2024-10-23 00:03:38 INFO  demo.Application - No active profile set, falling back to 1 default profile: "default"
2024-10-23 00:03:39 INFO  o.s.d.r.c.RepositoryConfigurationDelegate - Bootstrapping Spring Data JPA repositories in DEFAULT mode.
2024-10-23 00:03:40 INFO  o.s.d.r.c.RepositoryConfigurationDelegate - Finished Spring Data repository scanning in 77 ms. Found 3 JPA repository interfaces.
2024-10-23 00:03:40 INFO  o.s.b.w.e.tomcat.TomcatWebServer - Tomcat initialized with port(s): 8081 (http)
2024-10-23 00:03:40 INFO  o.a.coyote.http11.Http11NioProtocol - Initializing ProtocolHandler ["http-nio-8081"]
2024-10-23 00:03:40 INFO  o.a.catalina.core.StandardService - Starting service [Tomcat]
2024-10-23 00:03:40 INFO  o.a.catalina.core.StandardEngine - Starting Servlet engine: [Apache Tomcat/9.0.60]
2024-10-23 00:03:41 INFO  o.a.c.c.C.[Tomcat].[localhost].[/] - Initializing Spring embedded WebApplicationContext
2024-10-23 00:03:41 INFO  o.s.b.w.s.c.ServletWebServerApplicationContext - Root WebApplicationContext: initialization completed in 2325 ms
2024-10-23 00:03:41 INFO  o.h.jpa.internal.util.LogHelper - HHH000204: Processing PersistenceUnitInfo [name: default]
2024-10-23 00:03:41 INFO  org.hibernate.Version - HHH000412: Hibernate ORM core version 5.4.33
2024-10-23 00:03:41 INFO  o.h.annotations.common.Version - HCANN000001: Hibernate Commons Annotations {5.1.2.Final}
2024-10-23 00:03:41 INFO  com.zaxxer.hikari.HikariDataSource - HikariPool-1 - Starting...
2024-10-23 00:03:42 INFO  com.zaxxer.hikari.HikariDataSource - HikariPool-1 - Start completed.
2024-10-23 00:03:42 INFO  org.hibernate.dialect.Dialect - HHH000400: Using dialect: org.hibernate.dialect.PostgreSQLDialect
2024-10-23 00:03:43 INFO  o.h.e.t.j.p.i.JtaPlatformInitiator - HHH000490: Using JtaPlatform implementation: [org.hibernate.engine.transaction.jta.platform.internal.NoJtaPlatform]
2024-10-23 00:03:43 INFO  o.s.o.j.LocalContainerEntityManagerFactoryBean - Initialized JPA EntityManagerFactory for persistence unit 'default'
2024-10-23 00:03:44 WARN  o.s.b.a.o.j.JpaBaseConfiguration$JpaWebConfiguration - spring.jpa.open-in-view is enabled by default. Therefore, database queries may be performed during view rendering. Explicitly configure spring.jpa.open-in-view to disable this warning
2024-10-23 00:03:45 INFO  o.s.b.a.w.s.WelcomePageHandlerMapping - Adding welcome page: class path resource [static/index.html]
2024-10-23 00:03:45 INFO  o.a.coyote.http11.Http11NioProtocol - Starting ProtocolHandler ["http-nio-8081"]
2024-10-23 00:03:45 INFO  o.s.b.w.e.tomcat.TomcatWebServer - Tomcat started on port(s): 8081 (http) with context path ''
2024-10-23 00:03:45 INFO  demo.Application - Started Application in 7.936 seconds (JVM running for 9.107)
2024-10-23 00:03:45 INFO  demo.Application - Rozpoczęto działanie aplikacji.
2024-10-23 00:04:14 INFO  o.a.c.c.C.[Tomcat].[localhost].[/] - Initializing Spring DispatcherServlet 'dispatcherServlet'
2024-10-23 00:04:14 INFO  o.s.web.servlet.DispatcherServlet - Initializing Servlet 'dispatcherServlet'
2024-10-23 00:04:14 INFO  o.s.web.servlet.DispatcherServlet - Completed initialization in 2 ms
2024-10-23 00:04:14 INFO  demo.controller.FilmController - Otrzymano żądanie POST /api/filmy/zapiszFilm - Zapisywanie nowego filmu: dsf
2024-10-23 00:04:14 INFO  demo.controller.FilmController - Zapisano nowy film: dsf
2024-10-23 00:06:15 INFO  demo.Application - Zakończono działanie aplikacji.
2024-10-23 00:06:15 INFO  o.s.o.j.LocalContainerEntityManagerFactoryBean - Closing JPA EntityManagerFactory for persistence unit 'default'
2024-10-23 00:06:15 INFO  com.zaxxer.hikari.HikariDataSource - HikariPool-1 - Shutdown initiated...
2024-10-23 00:06:16 INFO  com.zaxxer.hikari.HikariDataSource - HikariPool-1 - Shutdown completed.
